<?xml version="1.0" encoding="UTF-8"?>
<testng-results skipped="0" failed="0" total="1" passed="1">
  <reporter-output>
  </reporter-output>
  <suite name="Suite" duration-ms="48856" started-at="2016-08-07T08:32:12Z" finished-at="2016-08-07T08:33:01Z">
    <groups>
    </groups>
    <test name="Test" duration-ms="48856" started-at="2016-08-07T08:32:12Z" finished-at="2016-08-07T08:33:01Z">
      <class name="jenkinsMavenGitDemo.testA">
        <test-method status="PASS" signature="test()[pri:0, instance:jenkinsMavenGitDemo.testA@edf4efb]" name="test" duration-ms="48815" started-at="2016-08-07T14:02:12Z" finished-at="2016-08-07T14:03:01Z">
          <reporter-output>
          </reporter-output>
        </test-method> <!-- test -->
      </class> <!-- jenkinsMavenGitDemo.testA -->
    </test> <!-- Test -->
  </suite> <!-- Suite -->
</testng-results>
