<?xml version="1.0" encoding="UTF-8"?>
<testng-results skipped="0" failed="0" total="1" passed="1">
  <reporter-output>
  </reporter-output>
  <suite name="Suite" duration-ms="52311" started-at="2016-08-06T12:53:56Z" finished-at="2016-08-06T12:54:48Z">
    <groups>
    </groups>
    <test name="Test" duration-ms="52311" started-at="2016-08-06T12:53:56Z" finished-at="2016-08-06T12:54:48Z">
      <class name="jenkinsMavenGitDemo.testA">
        <test-method status="PASS" signature="test()[pri:0, instance:jenkinsMavenGitDemo.testA@458ad742]" name="test" duration-ms="52271" started-at="2016-08-06T18:23:56Z" finished-at="2016-08-06T18:24:48Z">
          <reporter-output>
          </reporter-output>
        </test-method> <!-- test -->
      </class> <!-- jenkinsMavenGitDemo.testA -->
    </test> <!-- Test -->
  </suite> <!-- Suite -->
</testng-results>
